<?xml version="1.0" encoding="UTF-8"?>
<!-- Generated by org.testng.reporters.JUnitReportReporter -->
<testsuite hostname="LAPTOP-99BUU02B" failures="0" tests="3" name="com.nt.magento.tests.HomePageTest" time="41.890" errors="0" timestamp="2023-01-17T22:50:38 IST" skipped="0">
  <testcase classname="com.nt.magento.tests.HomePageTest" name="verifyApplicationLogo" time="11.536"/>
  <system-out/>
  <testcase classname="com.nt.magento.tests.HomePageTest" name="verifySignIn" time="14.221"/>
  <system-out/>
  <testcase classname="com.nt.magento.tests.HomePageTest" name="verifyCreateAnAccount" time="16.133"/>
  <system-out/>
</testsuite> <!-- com.nt.magento.tests.HomePageTest -->
