<?xml version="1.0" encoding="UTF-8"?>
<!-- Generated by org.testng.reporters.JUnitReportReporter -->
<testsuite hostname="LAPTOP-99BUU02B" failures="0" tests="3" name="com.nt.magento.tests.HomePageTest" time="51.736" errors="0" timestamp="2023-01-11T22:30:00 IST" skipped="0">
  <testcase classname="com.nt.magento.tests.HomePageTest" name="verifyApplicationLogo" time="25.706"/>
  <system-out/>
  <testcase classname="com.nt.magento.tests.HomePageTest" name="verifySignIn" time="13.321"/>
  <system-out/>
  <testcase classname="com.nt.magento.tests.HomePageTest" name="verifyCreateAnAccount" time="12.709"/>
  <system-out/>
</testsuite> <!-- com.nt.magento.tests.HomePageTest -->
