<?xml version="1.0" encoding="UTF-8"?>
<!-- Generated by org.testng.reporters.JUnitReportReporter -->
<testsuite skipped="0" hostname="LAPTOP-99BUU02B" name="com.nt.magento.tests.HomePageTest" tests="3" failures="0" timestamp="2023-01-18T20:34:18 IST" time="47.550" errors="0">
  <testcase name="verifyApplicationLogo" time="16.541" classname="com.nt.magento.tests.HomePageTest"/>
  <system-out/>
  <testcase name="verifySignIn" time="14.001" classname="com.nt.magento.tests.HomePageTest"/>
  <system-out/>
  <testcase name="verifyCreateAnAccount" time="17.008" classname="com.nt.magento.tests.HomePageTest"/>
  <system-out/>
</testsuite> <!-- com.nt.magento.tests.HomePageTest -->
